<?xml version="1.0" encoding="UTF-8"?>
<!-- Generated by org.testng.reporters.JUnitXMLReporter -->
<testsuite hostname="Dejans-MacBook-Pro.local" ignored="0" name="Reject Request Access" tests="2" failures="0" timestamp="10 Feb 2021 15:13:53 GMT" time="84.356" errors="0">
  <testcase name="logInRejectRequestAccess" time="48.576" classname="com.bexio.logInHomeScreen.LogInRejectRequestAccessTest">
    <skipped/>
  </testcase> <!-- logInRejectRequestAccess -->
  <testcase name="logInRejectRequestAccess" time="35.777" classname="com.bexio.logInHomeScreen.LogInRejectRequestAccessTest"/>
</testsuite> <!-- Reject Request Access -->
